mode: set
github.com/go-park-mail-ru/2026_1_VKino/internal/pkg/errors/errors.go:27.40,30.30 2 1
github.com/go-park-mail-ru/2026_1_VKino/internal/pkg/errors/errors.go:30.30,31.27 1 1
github.com/go-park-mail-ru/2026_1_VKino/internal/pkg/errors/errors.go:31.27,33.4 1 1
github.com/go-park-mail-ru/2026_1_VKino/internal/pkg/errors/errors.go:36.2,38.48 2 1
github.com/go-park-mail-ru/2026_1_VKino/internal/app/auth/domain/domain.go:19.30,21.2 1 1
github.com/go-park-mail-ru/2026_1_VKino/internal/app/auth/domain/user_dto.go:27.35,29.2 1 1
github.com/go-park-mail-ru/2026_1_VKino/pkg/http/response.go:15.69,17.2 1 1
github.com/go-park-mail-ru/2026_1_VKino/pkg/http/response.go:19.57,24.16 3 1
github.com/go-park-mail-ru/2026_1_VKino/pkg/http/response.go:24.16,29.3 3 1
github.com/go-park-mail-ru/2026_1_VKino/pkg/http/response.go:31.2,33.52 2 1
github.com/go-park-mail-ru/2026_1_VKino/pkg/http/response.go:33.52,35.3 1 0
github.com/go-park-mail-ru/2026_1_VKino/pkg/http/response.go:38.43,39.33 1 1
github.com/go-park-mail-ru/2026_1_VKino/pkg/http/response.go:39.33,41.17 2 1
github.com/go-park-mail-ru/2026_1_VKino/pkg/http/response.go:41.17,43.4 1 0
github.com/go-park-mail-ru/2026_1_VKino/pkg/http/response.go:46.2,51.40 3 1
github.com/go-park-mail-ru/2026_1_VKino/pkg/http/response.go:51.40,53.3 1 1
github.com/go-park-mail-ru/2026_1_VKino/pkg/http/response.go:55.2,56.43 2 1
github.com/go-park-mail-ru/2026_1_VKino/pkg/http/response.go:56.43,57.20 1 1
github.com/go-park-mail-ru/2026_1_VKino/pkg/http/response.go:57.20,59.4 1 1
github.com/go-park-mail-ru/2026_1_VKino/pkg/http/response.go:61.3,61.13 1 0
github.com/go-park-mail-ru/2026_1_VKino/pkg/http/response.go:64.2,64.69 1 0
github.com/go-park-mail-ru/2026_1_VKino/internal/app/auth/config.go:10.45,14.16 2 0
github.com/go-park-mail-ru/2026_1_VKino/internal/app/auth/config.go:14.16,16.3 1 0
github.com/go-park-mail-ru/2026_1_VKino/internal/app/auth/config.go:16.8,20.3 3 0
github.com/go-park-mail-ru/2026_1_VKino/internal/app/auth/config.go:22.2,25.41 3 0
github.com/go-park-mail-ru/2026_1_VKino/internal/app/auth/config.go:25.41,27.3 1 0
github.com/go-park-mail-ru/2026_1_VKino/internal/app/auth/config.go:29.2,29.41 1 0
github.com/go-park-mail-ru/2026_1_VKino/internal/app/auth/config.go:29.41,31.3 1 0
github.com/go-park-mail-ru/2026_1_VKino/internal/app/auth/config.go:33.2,33.12 1 0
github.com/go-park-mail-ru/2026_1_VKino/cmd/api/app.go:22.36,25.58 2 0
github.com/go-park-mail-ru/2026_1_VKino/cmd/api/app.go:25.58,27.3 1 0
github.com/go-park-mail-ru/2026_1_VKino/cmd/api/app.go:29.2,63.21 12 0
github.com/go-park-mail-ru/2026_1_VKino/cmd/api/main.go:8.13,14.16 4 0
github.com/go-park-mail-ru/2026_1_VKino/cmd/api/main.go:14.16,16.3 1 0
github.com/go-park-mail-ru/2026_1_VKino/internal/app/auth/delivery/http/handler.go:18.45,20.2 1 1
github.com/go-park-mail-ru/2026_1_VKino/internal/app/auth/delivery/http/handler.go:22.66,24.46 2 1
github.com/go-park-mail-ru/2026_1_VKino/internal/app/auth/delivery/http/handler.go:24.46,28.3 2 1
github.com/go-park-mail-ru/2026_1_VKino/internal/app/auth/delivery/http/handler.go:30.2,31.16 2 1
github.com/go-park-mail-ru/2026_1_VKino/internal/app/auth/delivery/http/handler.go:31.16,36.3 3 1
github.com/go-park-mail-ru/2026_1_VKino/internal/app/auth/delivery/http/handler.go:38.2,40.49 2 1
github.com/go-park-mail-ru/2026_1_VKino/internal/app/auth/delivery/http/handler.go:43.66,45.46 2 1
github.com/go-park-mail-ru/2026_1_VKino/internal/app/auth/delivery/http/handler.go:45.46,49.3 2 1
github.com/go-park-mail-ru/2026_1_VKino/internal/app/auth/delivery/http/handler.go:51.2,52.16 2 1
github.com/go-park-mail-ru/2026_1_VKino/internal/app/auth/delivery/http/handler.go:52.16,57.3 3 1
github.com/go-park-mail-ru/2026_1_VKino/internal/app/auth/delivery/http/handler.go:59.2,61.44 2 1
github.com/go-park-mail-ru/2026_1_VKino/internal/app/auth/delivery/http/handler.go:64.67,68.16 3 1
github.com/go-park-mail-ru/2026_1_VKino/internal/app/auth/delivery/http/handler.go:68.16,72.3 2 1
github.com/go-park-mail-ru/2026_1_VKino/internal/app/auth/delivery/http/handler.go:74.2,75.16 2 1
github.com/go-park-mail-ru/2026_1_VKino/internal/app/auth/delivery/http/handler.go:75.16,80.3 3 1
github.com/go-park-mail-ru/2026_1_VKino/internal/app/auth/delivery/http/handler.go:82.2,83.16 2 1
github.com/go-park-mail-ru/2026_1_VKino/internal/app/auth/delivery/http/handler.go:83.16,88.3 3 1
github.com/go-park-mail-ru/2026_1_VKino/internal/app/auth/delivery/http/handler.go:90.2,94.4 2 1
github.com/go-park-mail-ru/2026_1_VKino/internal/app/auth/delivery/http/handler.go:97.62,100.9 2 1
github.com/go-park-mail-ru/2026_1_VKino/internal/app/auth/delivery/http/handler.go:100.9,104.3 2 1
github.com/go-park-mail-ru/2026_1_VKino/internal/app/auth/delivery/http/handler.go:106.2,108.4 1 1
github.com/go-park-mail-ru/2026_1_VKino/internal/app/auth/delivery/http/handler.go:111.66,117.16 3 1
github.com/go-park-mail-ru/2026_1_VKino/internal/app/auth/delivery/http/handler.go:117.16,122.3 2 1
github.com/go-park-mail-ru/2026_1_VKino/internal/app/auth/delivery/http/handler.go:124.2,138.4 3 1
github.com/go-park-mail-ru/2026_1_VKino/internal/app/auth/delivery/http/handler.go:141.67,153.2 2 1
github.com/go-park-mail-ru/2026_1_VKino/internal/pkg/inmemory/inmemory.go:24.32,27.31 2 1
github.com/go-park-mail-ru/2026_1_VKino/internal/pkg/inmemory/inmemory.go:27.31,30.3 2 1
github.com/go-park-mail-ru/2026_1_VKino/internal/pkg/inmemory/inmemory.go:32.2,32.11 1 1
github.com/go-park-mail-ru/2026_1_VKino/internal/pkg/inmemory/inmemory.go:35.69,40.13 4 1
github.com/go-park-mail-ru/2026_1_VKino/internal/pkg/inmemory/inmemory.go:40.13,42.3 1 1
github.com/go-park-mail-ru/2026_1_VKino/internal/pkg/inmemory/inmemory.go:44.2,44.37 1 1
github.com/go-park-mail-ru/2026_1_VKino/internal/pkg/inmemory/inmemory.go:44.37,46.3 1 1
github.com/go-park-mail-ru/2026_1_VKino/internal/pkg/inmemory/inmemory.go:48.2,50.12 2 1
github.com/go-park-mail-ru/2026_1_VKino/internal/pkg/inmemory/inmemory.go:53.71,58.13 4 1
github.com/go-park-mail-ru/2026_1_VKino/internal/pkg/inmemory/inmemory.go:58.13,60.3 1 0
github.com/go-park-mail-ru/2026_1_VKino/internal/pkg/inmemory/inmemory.go:62.2,63.13 2 1
github.com/go-park-mail-ru/2026_1_VKino/internal/pkg/inmemory/inmemory.go:63.13,65.3 1 0
github.com/go-park-mail-ru/2026_1_VKino/internal/pkg/inmemory/inmemory.go:67.2,69.12 2 1
github.com/go-park-mail-ru/2026_1_VKino/internal/pkg/inmemory/inmemory.go:72.65,77.13 4 1
github.com/go-park-mail-ru/2026_1_VKino/internal/pkg/inmemory/inmemory.go:77.13,79.3 1 1
github.com/go-park-mail-ru/2026_1_VKino/internal/pkg/inmemory/inmemory.go:81.2,82.13 2 1
github.com/go-park-mail-ru/2026_1_VKino/internal/pkg/inmemory/inmemory.go:82.13,84.3 1 1
github.com/go-park-mail-ru/2026_1_VKino/internal/pkg/inmemory/inmemory.go:86.2,86.18 1 1
github.com/go-park-mail-ru/2026_1_VKino/internal/pkg/inmemory/inmemory.go:89.58,94.13 4 1
github.com/go-park-mail-ru/2026_1_VKino/internal/pkg/inmemory/inmemory.go:94.13,96.3 1 1
github.com/go-park-mail-ru/2026_1_VKino/internal/pkg/inmemory/inmemory.go:98.2,98.38 1 1
github.com/go-park-mail-ru/2026_1_VKino/internal/pkg/inmemory/inmemory.go:98.38,100.3 1 1
github.com/go-park-mail-ru/2026_1_VKino/internal/pkg/inmemory/inmemory.go:102.2,104.12 2 1
github.com/go-park-mail-ru/2026_1_VKino/internal/pkg/inmemory/inmemory.go:107.67,112.13 4 1
github.com/go-park-mail-ru/2026_1_VKino/internal/pkg/inmemory/inmemory.go:112.13,114.3 1 1
github.com/go-park-mail-ru/2026_1_VKino/internal/pkg/inmemory/inmemory.go:116.2,119.20 3 1
github.com/go-park-mail-ru/2026_1_VKino/internal/pkg/inmemory/inmemory.go:122.50,129.2 4 0
github.com/go-park-mail-ru/2026_1_VKino/internal/pkg/inmemory/movie.go:15.38,19.2 3 1
github.com/go-park-mail-ru/2026_1_VKino/internal/pkg/inmemory/movie.go:25.42,100.41 3 1
github.com/go-park-mail-ru/2026_1_VKino/internal/pkg/inmemory/movie.go:100.41,103.3 2 1
github.com/go-park-mail-ru/2026_1_VKino/internal/pkg/inmemory/movie.go:107.89,109.16 2 1
github.com/go-park-mail-ru/2026_1_VKino/internal/pkg/inmemory/movie.go:109.16,111.3 1 1
github.com/go-park-mail-ru/2026_1_VKino/internal/pkg/inmemory/movie.go:113.2,114.65 2 1
github.com/go-park-mail-ru/2026_1_VKino/internal/pkg/inmemory/movie.go:114.65,116.3 1 1
github.com/go-park-mail-ru/2026_1_VKino/internal/pkg/inmemory/movie.go:118.2,118.23 1 1
github.com/go-park-mail-ru/2026_1_VKino/internal/pkg/inmemory/movie.go:121.76,123.16 2 1
github.com/go-park-mail-ru/2026_1_VKino/internal/pkg/inmemory/movie.go:123.16,125.3 1 0
github.com/go-park-mail-ru/2026_1_VKino/internal/pkg/inmemory/movie.go:127.2,128.31 2 1
github.com/go-park-mail-ru/2026_1_VKino/internal/pkg/inmemory/movie.go:128.31,130.60 2 1
github.com/go-park-mail-ru/2026_1_VKino/internal/pkg/inmemory/movie.go:130.60,132.4 1 1
github.com/go-park-mail-ru/2026_1_VKino/internal/pkg/inmemory/movie.go:135.2,135.24 1 1
github.com/go-park-mail-ru/2026_1_VKino/internal/pkg/inmemory/session.go:14.42,16.2 1 1
github.com/go-park-mail-ru/2026_1_VKino/internal/pkg/inmemory/session.go:18.80,20.16 2 1
github.com/go-park-mail-ru/2026_1_VKino/internal/pkg/inmemory/session.go:20.16,22.3 1 0
github.com/go-park-mail-ru/2026_1_VKino/internal/pkg/inmemory/session.go:24.2,27.16 3 1
github.com/go-park-mail-ru/2026_1_VKino/internal/pkg/inmemory/session.go:27.16,29.3 1 1
github.com/go-park-mail-ru/2026_1_VKino/internal/pkg/inmemory/session.go:31.2,31.12 1 1
github.com/go-park-mail-ru/2026_1_VKino/internal/pkg/inmemory/session.go:34.75,36.16 2 1
github.com/go-park-mail-ru/2026_1_VKino/internal/pkg/inmemory/session.go:36.16,37.70 1 1
github.com/go-park-mail-ru/2026_1_VKino/internal/pkg/inmemory/session.go:37.70,39.4 1 1
github.com/go-park-mail-ru/2026_1_VKino/internal/pkg/inmemory/session.go:41.3,41.34 1 0
github.com/go-park-mail-ru/2026_1_VKino/internal/pkg/inmemory/session.go:44.2,45.62 2 1
github.com/go-park-mail-ru/2026_1_VKino/internal/pkg/inmemory/session.go:45.62,47.3 1 1
github.com/go-park-mail-ru/2026_1_VKino/internal/pkg/inmemory/session.go:49.2,49.21 1 1
github.com/go-park-mail-ru/2026_1_VKino/internal/pkg/inmemory/session.go:52.57,54.16 2 1
github.com/go-park-mail-ru/2026_1_VKino/internal/pkg/inmemory/session.go:54.16,55.70 1 1
github.com/go-park-mail-ru/2026_1_VKino/internal/pkg/inmemory/session.go:55.70,57.4 1 1
github.com/go-park-mail-ru/2026_1_VKino/internal/pkg/inmemory/session.go:59.3,59.13 1 0
github.com/go-park-mail-ru/2026_1_VKino/internal/pkg/inmemory/session.go:62.2,62.12 1 1
github.com/go-park-mail-ru/2026_1_VKino/internal/pkg/inmemory/user.go:16.36,18.2 1 1
github.com/go-park-mail-ru/2026_1_VKino/internal/pkg/inmemory/user.go:25.71,27.16 2 1
github.com/go-park-mail-ru/2026_1_VKino/internal/pkg/inmemory/user.go:27.16,28.70 1 1
github.com/go-park-mail-ru/2026_1_VKino/internal/pkg/inmemory/user.go:28.70,30.4 1 1
github.com/go-park-mail-ru/2026_1_VKino/internal/pkg/inmemory/user.go:32.3,32.18 1 0
github.com/go-park-mail-ru/2026_1_VKino/internal/pkg/inmemory/user.go:35.2,36.60 2 1
github.com/go-park-mail-ru/2026_1_VKino/internal/pkg/inmemory/user.go:36.60,38.3 1 1
github.com/go-park-mail-ru/2026_1_VKino/internal/pkg/inmemory/user.go:40.2,40.19 1 1
github.com/go-park-mail-ru/2026_1_VKino/internal/pkg/inmemory/user.go:43.68,45.16 2 1
github.com/go-park-mail-ru/2026_1_VKino/internal/pkg/inmemory/user.go:45.16,46.39 1 1
github.com/go-park-mail-ru/2026_1_VKino/internal/pkg/inmemory/user.go:46.39,48.4 1 1
github.com/go-park-mail-ru/2026_1_VKino/internal/pkg/inmemory/user.go:50.3,50.18 1 0
github.com/go-park-mail-ru/2026_1_VKino/internal/pkg/inmemory/user.go:53.2,53.31 1 1
github.com/go-park-mail-ru/2026_1_VKino/internal/pkg/inmemory/user.go:53.31,55.61 2 1
github.com/go-park-mail-ru/2026_1_VKino/internal/pkg/inmemory/user.go:55.61,57.4 1 1
github.com/go-park-mail-ru/2026_1_VKino/internal/pkg/inmemory/user.go:59.3,59.20 1 1
github.com/go-park-mail-ru/2026_1_VKino/internal/pkg/inmemory/user.go:59.20,61.4 1 1
github.com/go-park-mail-ru/2026_1_VKino/internal/pkg/inmemory/user.go:64.2,64.29 1 1
github.com/go-park-mail-ru/2026_1_VKino/internal/pkg/inmemory/user.go:67.84,81.16 4 1
github.com/go-park-mail-ru/2026_1_VKino/internal/pkg/inmemory/user.go:81.16,83.3 1 0
github.com/go-park-mail-ru/2026_1_VKino/internal/pkg/inmemory/user.go:85.2,86.16 2 1
github.com/go-park-mail-ru/2026_1_VKino/internal/pkg/inmemory/user.go:86.16,87.39 1 1
github.com/go-park-mail-ru/2026_1_VKino/internal/pkg/inmemory/user.go:87.39,89.4 1 1
github.com/go-park-mail-ru/2026_1_VKino/internal/pkg/inmemory/user.go:91.3,91.18 1 1
github.com/go-park-mail-ru/2026_1_VKino/internal/pkg/inmemory/user.go:94.2,94.19 1 1
github.com/go-park-mail-ru/2026_1_VKino/internal/pkg/inmemory/user.go:97.84,99.16 2 1
github.com/go-park-mail-ru/2026_1_VKino/internal/pkg/inmemory/user.go:99.16,101.3 1 1
github.com/go-park-mail-ru/2026_1_VKino/internal/pkg/inmemory/user.go:103.2,107.16 4 1
github.com/go-park-mail-ru/2026_1_VKino/internal/pkg/inmemory/user.go:107.16,109.3 1 0
github.com/go-park-mail-ru/2026_1_VKino/internal/pkg/inmemory/user.go:111.2,111.58 1 1
github.com/go-park-mail-ru/2026_1_VKino/internal/pkg/inmemory/user.go:111.58,113.3 1 0
github.com/go-park-mail-ru/2026_1_VKino/internal/pkg/inmemory/user.go:115.2,115.18 1 1
github.com/go-park-mail-ru/2026_1_VKino/internal/pkg/inmemory/user.go:118.58,120.16 2 1
github.com/go-park-mail-ru/2026_1_VKino/internal/pkg/inmemory/user.go:120.16,121.39 1 1
github.com/go-park-mail-ru/2026_1_VKino/internal/pkg/inmemory/user.go:121.39,123.4 1 1
github.com/go-park-mail-ru/2026_1_VKino/internal/pkg/inmemory/user.go:125.3,125.18 1 0
github.com/go-park-mail-ru/2026_1_VKino/internal/pkg/inmemory/user.go:128.2,130.31 2 1
github.com/go-park-mail-ru/2026_1_VKino/internal/pkg/inmemory/user.go:130.31,132.61 2 1
github.com/go-park-mail-ru/2026_1_VKino/internal/pkg/inmemory/user.go:132.61,134.4 1 1
github.com/go-park-mail-ru/2026_1_VKino/internal/pkg/inmemory/user.go:136.3,136.20 1 1
github.com/go-park-mail-ru/2026_1_VKino/internal/pkg/inmemory/user.go:136.20,138.4 1 1
github.com/go-park-mail-ru/2026_1_VKino/internal/pkg/inmemory/user.go:141.2,141.19 1 1
github.com/go-park-mail-ru/2026_1_VKino/internal/pkg/inmemory/user.go:144.51,146.16 2 1
github.com/go-park-mail-ru/2026_1_VKino/internal/pkg/inmemory/user.go:146.16,147.70 1 1
github.com/go-park-mail-ru/2026_1_VKino/internal/pkg/inmemory/user.go:147.70,149.4 1 1
github.com/go-park-mail-ru/2026_1_VKino/internal/pkg/inmemory/user.go:151.3,151.13 1 0
github.com/go-park-mail-ru/2026_1_VKino/internal/pkg/inmemory/user.go:154.2,154.12 1 1
github.com/go-park-mail-ru/2026_1_VKino/pkg/httpserver/options.go:12.28,13.25 1 1
github.com/go-park-mail-ru/2026_1_VKino/pkg/httpserver/options.go:13.25,15.3 1 1
github.com/go-park-mail-ru/2026_1_VKino/pkg/httpserver/options.go:18.39,19.25 1 1
github.com/go-park-mail-ru/2026_1_VKino/pkg/httpserver/options.go:19.25,24.3 4 1
github.com/go-park-mail-ru/2026_1_VKino/pkg/httpserver/options.go:27.65,28.25 1 1
github.com/go-park-mail-ru/2026_1_VKino/pkg/httpserver/options.go:28.25,30.3 1 1
github.com/go-park-mail-ru/2026_1_VKino/pkg/httpserver/options.go:33.123,34.25 1 0
github.com/go-park-mail-ru/2026_1_VKino/pkg/httpserver/options.go:34.25,41.3 2 0
github.com/go-park-mail-ru/2026_1_VKino/pkg/httpserver/options.go:44.43,45.25 1 0
github.com/go-park-mail-ru/2026_1_VKino/pkg/httpserver/options.go:45.25,47.3 1 0
github.com/go-park-mail-ru/2026_1_VKino/pkg/httpserver/server.go:28.34,38.27 3 1
github.com/go-park-mail-ru/2026_1_VKino/pkg/httpserver/server.go:38.27,40.3 1 1
github.com/go-park-mail-ru/2026_1_VKino/pkg/httpserver/server.go:42.2,44.10 2 1
github.com/go-park-mail-ru/2026_1_VKino/pkg/httpserver/server.go:47.64,48.47 1 1
github.com/go-park-mail-ru/2026_1_VKino/pkg/httpserver/server.go:48.47,50.3 1 0
github.com/go-park-mail-ru/2026_1_VKino/pkg/httpserver/server.go:51.2,51.10 1 1
github.com/go-park-mail-ru/2026_1_VKino/pkg/httpserver/server.go:54.30,56.2 1 0
github.com/go-park-mail-ru/2026_1_VKino/pkg/serializer/gob.go:14.30,16.2 1 1
github.com/go-park-mail-ru/2026_1_VKino/pkg/serializer/gob.go:18.44,23.38 3 1
github.com/go-park-mail-ru/2026_1_VKino/pkg/serializer/gob.go:23.38,25.3 1 1
github.com/go-park-mail-ru/2026_1_VKino/pkg/serializer/gob.go:27.2,27.25 1 1
github.com/go-park-mail-ru/2026_1_VKino/pkg/serializer/gob.go:30.50,31.14 1 1
github.com/go-park-mail-ru/2026_1_VKino/pkg/serializer/gob.go:31.14,33.3 1 1
github.com/go-park-mail-ru/2026_1_VKino/pkg/serializer/gob.go:35.2,38.38 3 1
github.com/go-park-mail-ru/2026_1_VKino/pkg/serializer/gob.go:38.38,40.3 1 1
github.com/go-park-mail-ru/2026_1_VKino/pkg/serializer/gob.go:42.2,42.12 1 1
github.com/go-park-mail-ru/2026_1_VKino/internal/pkg/middleware/auth.go:20.64,22.2 1 0
github.com/go-park-mail-ru/2026_1_VKino/internal/pkg/middleware/auth.go:25.69,26.71 1 1
github.com/go-park-mail-ru/2026_1_VKino/internal/pkg/middleware/auth.go:26.71,28.23 2 1
github.com/go-park-mail-ru/2026_1_VKino/internal/pkg/middleware/auth.go:28.23,32.4 2 1
github.com/go-park-mail-ru/2026_1_VKino/internal/pkg/middleware/auth.go:34.3,35.51 2 1
github.com/go-park-mail-ru/2026_1_VKino/internal/pkg/middleware/auth.go:35.51,39.4 2 1
github.com/go-park-mail-ru/2026_1_VKino/internal/pkg/middleware/auth.go:41.3,42.24 2 1
github.com/go-park-mail-ru/2026_1_VKino/internal/pkg/middleware/auth.go:42.24,46.4 2 0
github.com/go-park-mail-ru/2026_1_VKino/internal/pkg/middleware/auth.go:48.3,49.17 2 1
github.com/go-park-mail-ru/2026_1_VKino/internal/pkg/middleware/auth.go:49.17,53.4 2 1
github.com/go-park-mail-ru/2026_1_VKino/internal/pkg/middleware/auth.go:55.3,56.40 2 1
github.com/go-park-mail-ru/2026_1_VKino/internal/pkg/middleware/auth.go:61.63,65.2 2 1
github.com/go-park-mail-ru/2026_1_VKino/internal/pkg/middleware/chain.go:5.89,6.45 1 0
github.com/go-park-mail-ru/2026_1_VKino/internal/pkg/middleware/chain.go:6.45,8.3 1 0
github.com/go-park-mail-ru/2026_1_VKino/internal/pkg/middleware/chain.go:9.2,9.10 1 0
github.com/go-park-mail-ru/2026_1_VKino/internal/pkg/middleware/cors.go:10.53,11.71 1 0
github.com/go-park-mail-ru/2026_1_VKino/internal/pkg/middleware/cors.go:11.71,14.29 2 0
github.com/go-park-mail-ru/2026_1_VKino/internal/pkg/middleware/cors.go:14.29,17.4 2 0
github.com/go-park-mail-ru/2026_1_VKino/internal/pkg/middleware/cors.go:19.3,24.28 5 0
github.com/go-park-mail-ru/2026_1_VKino/internal/pkg/middleware/cors.go:24.28,27.4 2 0
github.com/go-park-mail-ru/2026_1_VKino/internal/pkg/middleware/cors.go:29.3,29.23 1 0
github.com/go-park-mail-ru/2026_1_VKino/internal/app/movie/delivery/http/handler.go:17.45,19.2 1 0
github.com/go-park-mail-ru/2026_1_VKino/internal/app/movie/delivery/http/handler.go:21.76,24.16 2 0
github.com/go-park-mail-ru/2026_1_VKino/internal/app/movie/delivery/http/handler.go:24.16,28.3 3 0
github.com/go-park-mail-ru/2026_1_VKino/internal/app/movie/delivery/http/handler.go:30.2,30.48 1 0
github.com/go-park-mail-ru/2026_1_VKino/internal/app/movie/delivery/http/handler.go:33.79,36.21 2 0
github.com/go-park-mail-ru/2026_1_VKino/internal/app/movie/delivery/http/handler.go:36.21,39.3 2 0
github.com/go-park-mail-ru/2026_1_VKino/internal/app/movie/delivery/http/handler.go:41.2,42.16 2 0
github.com/go-park-mail-ru/2026_1_VKino/internal/app/movie/delivery/http/handler.go:42.16,46.3 3 0
github.com/go-park-mail-ru/2026_1_VKino/internal/app/movie/delivery/http/handler.go:48.2,48.47 1 0
github.com/go-park-mail-ru/2026_1_VKino/internal/app/movie/domain/selection_dto.go:8.43,10.2 1 0
github.com/go-park-mail-ru/2026_1_VKino/internal/app/movie/usecase/selection.go:12.68,16.2 1 0
github.com/go-park-mail-ru/2026_1_VKino/internal/app/movie/usecase/selection.go:18.79,21.16 2 0
github.com/go-park-mail-ru/2026_1_VKino/internal/app/movie/usecase/selection.go:21.16,23.3 1 0
github.com/go-park-mail-ru/2026_1_VKino/internal/app/movie/usecase/selection.go:24.2,24.24 1 0
github.com/go-park-mail-ru/2026_1_VKino/internal/app/movie/usecase/selection.go:27.92,30.16 2 0
github.com/go-park-mail-ru/2026_1_VKino/internal/app/movie/usecase/selection.go:30.16,32.3 1 0
github.com/go-park-mail-ru/2026_1_VKino/internal/app/movie/usecase/selection.go:34.2,34.23 1 0
github.com/go-park-mail-ru/2026_1_VKino/internal/app/auth/usecase/mocks/usecase_mock.go:33.59,37.2 3 0
github.com/go-park-mail-ru/2026_1_VKino/internal/app/auth/usecase/mocks/usecase_mock.go:40.57,42.2 1 0
github.com/go-park-mail-ru/2026_1_VKino/internal/app/auth/usecase/mocks/usecase_mock.go:45.50,50.2 4 0
github.com/go-park-mail-ru/2026_1_VKino/internal/app/auth/usecase/mocks/usecase_mock.go:53.61,56.2 2 0
github.com/go-park-mail-ru/2026_1_VKino/internal/app/auth/usecase/mocks/usecase_mock.go:59.71,65.2 5 0
github.com/go-park-mail-ru/2026_1_VKino/internal/app/auth/usecase/mocks/usecase_mock.go:68.68,71.2 2 0
github.com/go-park-mail-ru/2026_1_VKino/internal/app/auth/usecase/mocks/usecase_mock.go:74.80,80.2 5 0
github.com/go-park-mail-ru/2026_1_VKino/internal/app/auth/usecase/mocks/usecase_mock.go:83.77,86.2 2 0
github.com/go-park-mail-ru/2026_1_VKino/internal/app/auth/usecase/mocks/usecase_mock.go:89.80,95.2 5 0
github.com/go-park-mail-ru/2026_1_VKino/internal/app/auth/usecase/mocks/usecase_mock.go:98.77,101.2 2 0
github.com/go-park-mail-ru/2026_1_VKino/internal/app/auth/usecase/mocks/usecase_mock.go:104.79,110.2 5 0
github.com/go-park-mail-ru/2026_1_VKino/internal/app/auth/usecase/mocks/usecase_mock.go:113.86,116.2 2 0
github.com/go-park-mail-ru/2026_1_VKino/internal/app/auth/usecase/mocks/usecase_mock.go:119.80,125.2 5 0
github.com/go-park-mail-ru/2026_1_VKino/internal/app/auth/usecase/mocks/usecase_mock.go:128.87,131.2 2 0
github.com/go-park-mail-ru/2026_1_VKino/internal/app/auth/mocks/repository_mock.go:33.61,37.2 3 0
github.com/go-park-mail-ru/2026_1_VKino/internal/app/auth/mocks/repository_mock.go:40.59,42.2 1 0
github.com/go-park-mail-ru/2026_1_VKino/internal/app/auth/mocks/repository_mock.go:45.81,51.2 5 0
github.com/go-park-mail-ru/2026_1_VKino/internal/app/auth/mocks/repository_mock.go:54.82,57.2 2 0
github.com/go-park-mail-ru/2026_1_VKino/internal/app/auth/mocks/repository_mock.go:60.55,65.2 4 0
github.com/go-park-mail-ru/2026_1_VKino/internal/app/auth/mocks/repository_mock.go:68.72,71.2 2 0
github.com/go-park-mail-ru/2026_1_VKino/internal/app/auth/mocks/repository_mock.go:74.62,80.2 5 0
github.com/go-park-mail-ru/2026_1_VKino/internal/app/auth/mocks/repository_mock.go:83.64,86.2 2 0
github.com/go-park-mail-ru/2026_1_VKino/internal/app/auth/mocks/repository_mock.go:89.75,95.2 5 0
github.com/go-park-mail-ru/2026_1_VKino/internal/app/auth/mocks/repository_mock.go:98.76,101.2 2 0
github.com/go-park-mail-ru/2026_1_VKino/internal/app/auth/mocks/repository_mock.go:104.72,110.2 5 0
github.com/go-park-mail-ru/2026_1_VKino/internal/app/auth/mocks/repository_mock.go:113.70,116.2 2 0
github.com/go-park-mail-ru/2026_1_VKino/internal/app/auth/mocks/repository_mock.go:119.81,125.2 5 0
github.com/go-park-mail-ru/2026_1_VKino/internal/app/auth/mocks/repository_mock.go:128.82,131.2 2 0
github.com/go-park-mail-ru/2026_1_VKino/internal/app/auth/mocks/repository_mock.go:146.67,150.2 3 0
github.com/go-park-mail-ru/2026_1_VKino/internal/app/auth/mocks/repository_mock.go:153.65,155.2 1 0
github.com/go-park-mail-ru/2026_1_VKino/internal/app/auth/mocks/repository_mock.go:158.61,163.2 4 0
github.com/go-park-mail-ru/2026_1_VKino/internal/app/auth/mocks/repository_mock.go:166.78,169.2 2 0
github.com/go-park-mail-ru/2026_1_VKino/internal/app/auth/mocks/repository_mock.go:172.79,178.2 5 0
github.com/go-park-mail-ru/2026_1_VKino/internal/app/auth/mocks/repository_mock.go:181.75,184.2 2 0
github.com/go-park-mail-ru/2026_1_VKino/internal/app/auth/mocks/repository_mock.go:187.84,192.2 4 0
github.com/go-park-mail-ru/2026_1_VKino/internal/app/auth/mocks/repository_mock.go:195.84,198.2 2 0
github.com/go-park-mail-ru/2026_1_VKino/internal/app/auth/usecase/auth.go:27.112,33.2 1 1
github.com/go-park-mail-ru/2026_1_VKino/internal/app/auth/usecase/auth.go:35.80,37.16 2 1
github.com/go-park-mail-ru/2026_1_VKino/internal/app/auth/usecase/auth.go:37.16,39.3 1 1
github.com/go-park-mail-ru/2026_1_VKino/internal/app/auth/usecase/auth.go:41.2,42.16 2 1
github.com/go-park-mail-ru/2026_1_VKino/internal/app/auth/usecase/auth.go:42.16,44.3 1 1
github.com/go-park-mail-ru/2026_1_VKino/internal/app/auth/usecase/auth.go:46.2,46.34 1 1
github.com/go-park-mail-ru/2026_1_VKino/internal/app/auth/usecase/auth.go:49.80,51.16 2 1
github.com/go-park-mail-ru/2026_1_VKino/internal/app/auth/usecase/auth.go:51.16,53.3 1 1
github.com/go-park-mail-ru/2026_1_VKino/internal/app/auth/usecase/auth.go:55.2,56.16 2 1
github.com/go-park-mail-ru/2026_1_VKino/internal/app/auth/usecase/auth.go:56.16,58.3 1 0
github.com/go-park-mail-ru/2026_1_VKino/internal/app/auth/usecase/auth.go:60.2,61.16 2 1
github.com/go-park-mail-ru/2026_1_VKino/internal/app/auth/usecase/auth.go:61.16,63.3 1 1
github.com/go-park-mail-ru/2026_1_VKino/internal/app/auth/usecase/auth.go:65.2,65.34 1 1
github.com/go-park-mail-ru/2026_1_VKino/internal/app/auth/usecase/auth.go:70.71,71.59 1 1
github.com/go-park-mail-ru/2026_1_VKino/internal/app/auth/usecase/auth.go:71.59,73.3 1 1
github.com/go-park-mail-ru/2026_1_VKino/internal/app/auth/usecase/auth.go:75.2,76.16 2 1
github.com/go-park-mail-ru/2026_1_VKino/internal/app/auth/usecase/auth.go:76.16,78.3 1 1
github.com/go-park-mail-ru/2026_1_VKino/internal/app/auth/usecase/auth.go:80.2,80.34 1 1
github.com/go-park-mail-ru/2026_1_VKino/internal/app/auth/usecase/auth.go:83.80,85.16 2 1
github.com/go-park-mail-ru/2026_1_VKino/internal/app/auth/usecase/auth.go:85.16,87.3 1 1
github.com/go-park-mail-ru/2026_1_VKino/internal/app/auth/usecase/auth.go:89.2,89.26 1 1
github.com/go-park-mail-ru/2026_1_VKino/internal/app/auth/usecase/auth.go:89.26,91.3 1 1
github.com/go-park-mail-ru/2026_1_VKino/internal/app/auth/usecase/auth.go:94.2,95.16 2 1
github.com/go-park-mail-ru/2026_1_VKino/internal/app/auth/usecase/auth.go:95.16,97.3 1 1
github.com/go-park-mail-ru/2026_1_VKino/internal/app/auth/usecase/auth.go:99.2,99.43 1 1
github.com/go-park-mail-ru/2026_1_VKino/internal/app/auth/usecase/auth.go:99.43,101.3 1 1
github.com/go-park-mail-ru/2026_1_VKino/internal/app/auth/usecase/auth.go:103.2,103.28 1 1
github.com/go-park-mail-ru/2026_1_VKino/internal/app/auth/usecase/auth.go:106.79,108.16 2 1
github.com/go-park-mail-ru/2026_1_VKino/internal/app/auth/usecase/auth.go:108.16,110.3 1 1
github.com/go-park-mail-ru/2026_1_VKino/internal/app/auth/usecase/auth.go:112.2,112.26 1 1
github.com/go-park-mail-ru/2026_1_VKino/internal/app/auth/usecase/auth.go:112.26,114.3 1 1
github.com/go-park-mail-ru/2026_1_VKino/internal/app/auth/usecase/auth.go:116.2,116.28 1 1
github.com/go-park-mail-ru/2026_1_VKino/internal/app/auth/usecase/auth.go:119.42,121.2 1 1
github.com/go-park-mail-ru/2026_1_VKino/internal/app/auth/usecase/auth.go:123.90,131.16 3 1
github.com/go-park-mail-ru/2026_1_VKino/internal/app/auth/usecase/auth.go:131.16,133.3 1 0
github.com/go-park-mail-ru/2026_1_VKino/internal/app/auth/usecase/auth.go:135.2,135.25 1 1
github.com/go-park-mail-ru/2026_1_VKino/internal/app/auth/usecase/auth.go:140.86,142.16 2 1
github.com/go-park-mail-ru/2026_1_VKino/internal/app/auth/usecase/auth.go:142.16,144.3 1 0
github.com/go-park-mail-ru/2026_1_VKino/internal/app/auth/usecase/auth.go:146.2,147.16 2 1
github.com/go-park-mail-ru/2026_1_VKino/internal/app/auth/usecase/auth.go:147.16,149.3 1 0
github.com/go-park-mail-ru/2026_1_VKino/internal/app/auth/usecase/auth.go:151.2,157.16 3 1
github.com/go-park-mail-ru/2026_1_VKino/internal/app/auth/usecase/auth.go:157.16,159.3 1 1
github.com/go-park-mail-ru/2026_1_VKino/internal/app/auth/usecase/auth.go:161.2,161.23 1 1
github.com/go-park-mail-ru/2026_1_VKino/internal/app/auth/usecase/auth.go:164.85,165.110 1 1
github.com/go-park-mail-ru/2026_1_VKino/internal/app/auth/usecase/auth.go:165.110,166.80 1 1
github.com/go-park-mail-ru/2026_1_VKino/internal/app/auth/usecase/auth.go:166.80,168.4 1 1
github.com/go-park-mail-ru/2026_1_VKino/internal/app/auth/usecase/auth.go:170.3,170.38 1 1
github.com/go-park-mail-ru/2026_1_VKino/internal/app/auth/usecase/auth.go:172.2,172.16 1 1
github.com/go-park-mail-ru/2026_1_VKino/internal/app/auth/usecase/auth.go:172.16,174.3 1 1
github.com/go-park-mail-ru/2026_1_VKino/internal/app/auth/usecase/auth.go:176.2,177.25 2 1
github.com/go-park-mail-ru/2026_1_VKino/internal/app/auth/usecase/auth.go:177.25,179.3 1 0
github.com/go-park-mail-ru/2026_1_VKino/internal/app/auth/usecase/auth.go:181.2,181.20 1 1
